L 1 "..\Drivers\BSP\OLED\OLED_Data.c"
N#include "OLED_Data.h"
L 1 "..\Drivers\BSP\OLED\OLED_Data.h" 1
N#ifndef __OLED_DATA_H
N#define __OLED_DATA_H
N
N#include <stdint.h>
L 1 "D:\AppData\keil_v5\ARM\ARMCC\Bin\..\include\stdint.h" 1
N/* Copyright (C) ARM Ltd., 1999,2014 */
N/* All rights reserved */
N
N/*
N * RCS $Revision$
N * Checkin $Date$
N * Revising $Author: agrant $
N */
N
N#ifndef __stdint_h
N#define __stdint_h
N#define __ARMCLIB_VERSION 5060044
N
N  #ifdef __INT64_TYPE__
S    /* armclang predefines '__INT64_TYPE__' and '__INT64_C_SUFFIX__' */
S    #define __INT64 __INT64_TYPE__
N  #else
N    /* armcc has builtin '__int64' which can be used in --strict mode */
N    #define __INT64 __int64
N    #define __INT64_C_SUFFIX__ ll
N  #endif
N  #define __PASTE2(x, y) x ## y
N  #define __PASTE(x, y) __PASTE2(x, y)
N  #define __INT64_C(x)  __ESCAPE__(__PASTE(x, __INT64_C_SUFFIX__))
N  #define __UINT64_C(x)  __ESCAPE__(__PASTE(x ## u, __INT64_C_SUFFIX__))
N  #if defined(__clang__) || (defined(__ARMCC_VERSION) && !defined(__STRICT_ANSI__))
X  #if 0L || (1L && !0L)
N    /* armclang and non-strict armcc allow 'long long' in system headers */
N    #define __LONGLONG long long
N  #else
S    /* strict armcc has '__int64' */
S    #define __LONGLONG __int64
N  #endif
N
N  #ifndef __STDINT_DECLS
N  #define __STDINT_DECLS
N
N    #undef __CLIBNS
N
N    #ifdef __cplusplus
S      namespace std {
S          #define __CLIBNS std::
S          extern "C" {
N    #else
N      #define __CLIBNS
N    #endif  /* __cplusplus */
N
N
N/*
N * 'signed' is redundant below, except for 'signed char' and if
N * the typedef is used to declare a bitfield.
N */
N
N    /* 7.18.1.1 */
N
N    /* exact-width signed integer types */
Ntypedef   signed          char int8_t;
Ntypedef   signed short     int int16_t;
Ntypedef   signed           int int32_t;
Ntypedef   signed       __INT64 int64_t;
Xtypedef   signed       __int64 int64_t;
N
N    /* exact-width unsigned integer types */
Ntypedef unsigned          char uint8_t;
Ntypedef unsigned short     int uint16_t;
Ntypedef unsigned           int uint32_t;
Ntypedef unsigned       __INT64 uint64_t;
Xtypedef unsigned       __int64 uint64_t;
N
N    /* 7.18.1.2 */
N
N    /* smallest type of at least n bits */
N    /* minimum-width signed integer types */
Ntypedef   signed          char int_least8_t;
Ntypedef   signed short     int int_least16_t;
Ntypedef   signed           int int_least32_t;
Ntypedef   signed       __INT64 int_least64_t;
Xtypedef   signed       __int64 int_least64_t;
N
N    /* minimum-width unsigned integer types */
Ntypedef unsigned          char uint_least8_t;
Ntypedef unsigned short     int uint_least16_t;
Ntypedef unsigned           int uint_least32_t;
Ntypedef unsigned       __INT64 uint_least64_t;
Xtypedef unsigned       __int64 uint_least64_t;
N
N    /* 7.18.1.3 */
N
N    /* fastest minimum-width signed integer types */
Ntypedef   signed           int int_fast8_t;
Ntypedef   signed           int int_fast16_t;
Ntypedef   signed           int int_fast32_t;
Ntypedef   signed       __INT64 int_fast64_t;
Xtypedef   signed       __int64 int_fast64_t;
N
N    /* fastest minimum-width unsigned integer types */
Ntypedef unsigned           int uint_fast8_t;
Ntypedef unsigned           int uint_fast16_t;
Ntypedef unsigned           int uint_fast32_t;
Ntypedef unsigned       __INT64 uint_fast64_t;
Xtypedef unsigned       __int64 uint_fast64_t;
N
N    /* 7.18.1.4 integer types capable of holding object pointers */
N#if __sizeof_ptr == 8
X#if 4 == 8
Stypedef   signed       __INT64 intptr_t;
Stypedef unsigned       __INT64 uintptr_t;
N#else
Ntypedef   signed           int intptr_t;
Ntypedef unsigned           int uintptr_t;
N#endif
N
N    /* 7.18.1.5 greatest-width integer types */
Ntypedef   signed     __LONGLONG intmax_t;
Xtypedef   signed     long long intmax_t;
Ntypedef unsigned     __LONGLONG uintmax_t;
Xtypedef unsigned     long long uintmax_t;
N
N
N#if !defined(__cplusplus) || defined(__STDC_LIMIT_MACROS)
X#if !0L || 0L
N
N    /* 7.18.2.1 */
N
N    /* minimum values of exact-width signed integer types */
N#define INT8_MIN                   -128
N#define INT16_MIN                -32768
N#define INT32_MIN          (~0x7fffffff)   /* -2147483648 is unsigned */
N#define INT64_MIN  __INT64_C(~0x7fffffffffffffff) /* -9223372036854775808 is unsigned */
N
N    /* maximum values of exact-width signed integer types */
N#define INT8_MAX                    127
N#define INT16_MAX                 32767
N#define INT32_MAX            2147483647
N#define INT64_MAX  __INT64_C(9223372036854775807)
N
N    /* maximum values of exact-width unsigned integer types */
N#define UINT8_MAX                   255
N#define UINT16_MAX                65535
N#define UINT32_MAX           4294967295u
N#define UINT64_MAX __UINT64_C(18446744073709551615)
N
N    /* 7.18.2.2 */
N
N    /* minimum values of minimum-width signed integer types */
N#define INT_LEAST8_MIN                   -128
N#define INT_LEAST16_MIN                -32768
N#define INT_LEAST32_MIN          (~0x7fffffff)
N#define INT_LEAST64_MIN  __INT64_C(~0x7fffffffffffffff)
N
N    /* maximum values of minimum-width signed integer types */
N#define INT_LEAST8_MAX                    127
N#define INT_LEAST16_MAX                 32767
N#define INT_LEAST32_MAX            2147483647
N#define INT_LEAST64_MAX  __INT64_C(9223372036854775807)
N
N    /* maximum values of minimum-width unsigned integer types */
N#define UINT_LEAST8_MAX                   255
N#define UINT_LEAST16_MAX                65535
N#define UINT_LEAST32_MAX           4294967295u
N#define UINT_LEAST64_MAX __UINT64_C(18446744073709551615)
N
N    /* 7.18.2.3 */
N
N    /* minimum values of fastest minimum-width signed integer types */
N#define INT_FAST8_MIN           (~0x7fffffff)
N#define INT_FAST16_MIN          (~0x7fffffff)
N#define INT_FAST32_MIN          (~0x7fffffff)
N#define INT_FAST64_MIN  __INT64_C(~0x7fffffffffffffff)
N
N    /* maximum values of fastest minimum-width signed integer types */
N#define INT_FAST8_MAX             2147483647
N#define INT_FAST16_MAX            2147483647
N#define INT_FAST32_MAX            2147483647
N#define INT_FAST64_MAX  __INT64_C(9223372036854775807)
N
N    /* maximum values of fastest minimum-width unsigned integer types */
N#define UINT_FAST8_MAX            4294967295u
N#define UINT_FAST16_MAX           4294967295u
N#define UINT_FAST32_MAX           4294967295u
N#define UINT_FAST64_MAX __UINT64_C(18446744073709551615)
N
N    /* 7.18.2.4 */
N
N    /* minimum value of pointer-holding signed integer type */
N#if __sizeof_ptr == 8
X#if 4 == 8
S#define INTPTR_MIN INT64_MIN
N#else
N#define INTPTR_MIN INT32_MIN
N#endif
N
N    /* maximum value of pointer-holding signed integer type */
N#if __sizeof_ptr == 8
X#if 4 == 8
S#define INTPTR_MAX INT64_MAX
N#else
N#define INTPTR_MAX INT32_MAX
N#endif
N
N    /* maximum value of pointer-holding unsigned integer type */
N#if __sizeof_ptr == 8
X#if 4 == 8
S#define UINTPTR_MAX UINT64_MAX
N#else
N#define UINTPTR_MAX UINT32_MAX
N#endif
N
N    /* 7.18.2.5 */
N
N    /* minimum value of greatest-width signed integer type */
N#define INTMAX_MIN  __ESCAPE__(~0x7fffffffffffffffll)
N
N    /* maximum value of greatest-width signed integer type */
N#define INTMAX_MAX  __ESCAPE__(9223372036854775807ll)
N
N    /* maximum value of greatest-width unsigned integer type */
N#define UINTMAX_MAX __ESCAPE__(18446744073709551615ull)
N
N    /* 7.18.3 */
N
N    /* limits of ptrdiff_t */
N#if __sizeof_ptr == 8
X#if 4 == 8
S#define PTRDIFF_MIN INT64_MIN
S#define PTRDIFF_MAX INT64_MAX
N#else
N#define PTRDIFF_MIN INT32_MIN
N#define PTRDIFF_MAX INT32_MAX
N#endif
N
N    /* limits of sig_atomic_t */
N#define SIG_ATOMIC_MIN (~0x7fffffff)
N#define SIG_ATOMIC_MAX   2147483647
N
N    /* limit of size_t */
N#if __sizeof_ptr == 8
X#if 4 == 8
S#define SIZE_MAX UINT64_MAX
N#else
N#define SIZE_MAX UINT32_MAX
N#endif
N
N    /* limits of wchar_t */
N    /* NB we have to undef and redef because they're defined in both
N     * stdint.h and wchar.h */
N#undef WCHAR_MIN
N#undef WCHAR_MAX
N
N#if defined(__WCHAR32) || (defined(__ARM_SIZEOF_WCHAR_T) && __ARM_SIZEOF_WCHAR_T == 4)
X#if 0L || (0L && __ARM_SIZEOF_WCHAR_T == 4)
S  #define WCHAR_MIN   0
S  #define WCHAR_MAX   0xffffffffU
N#else
N  #define WCHAR_MIN   0
N  #define WCHAR_MAX   65535
N#endif
N
N    /* limits of wint_t */
N#define WINT_MIN (~0x7fffffff)
N#define WINT_MAX 2147483647
N
N#endif /* __STDC_LIMIT_MACROS */
N
N#if !defined(__cplusplus) || defined(__STDC_CONSTANT_MACROS)
X#if !0L || 0L
N
N    /* 7.18.4.1 macros for minimum-width integer constants */
N#define INT8_C(x)   (x)
N#define INT16_C(x)  (x)
N#define INT32_C(x)  (x)
N#define INT64_C(x)  __INT64_C(x)
N
N#define UINT8_C(x)  (x ## u)
N#define UINT16_C(x) (x ## u)
N#define UINT32_C(x) (x ## u)
N#define UINT64_C(x) __UINT64_C(x)
N
N    /* 7.18.4.2 macros for greatest-width integer constants */
N#define INTMAX_C(x)  __ESCAPE__(x ## ll)
N#define UINTMAX_C(x) __ESCAPE__(x ## ull)
N
N#endif /* __STDC_CONSTANT_MACROS */
N
N    #ifdef __cplusplus
S         }  /* extern "C" */
S      }  /* namespace std */
N    #endif /* __cplusplus */
N  #endif /* __STDINT_DECLS */
N
N  #ifdef __cplusplus
S    #ifndef __STDINT_NO_EXPORTS
S      using ::std::int8_t;
S      using ::std::int16_t;
S      using ::std::int32_t;
S      using ::std::int64_t;
S      using ::std::uint8_t;
S      using ::std::uint16_t;
S      using ::std::uint32_t;
S      using ::std::uint64_t;
S      using ::std::int_least8_t;
S      using ::std::int_least16_t;
S      using ::std::int_least32_t;
S      using ::std::int_least64_t;
S      using ::std::uint_least8_t;
S      using ::std::uint_least16_t;
S      using ::std::uint_least32_t;
S      using ::std::uint_least64_t;
S      using ::std::int_fast8_t;
S      using ::std::int_fast16_t;
S      using ::std::int_fast32_t;
S      using ::std::int_fast64_t;
S      using ::std::uint_fast8_t;
S      using ::std::uint_fast16_t;
S      using ::std::uint_fast32_t;
S      using ::std::uint_fast64_t;
S      using ::std::intptr_t;
S      using ::std::uintptr_t;
S      using ::std::intmax_t;
S      using ::std::uintmax_t;
S    #endif
N  #endif /* __cplusplus */
N
N#undef __INT64
N#undef __LONGLONG
N
N#endif /* __stdint_h */
N
N/* end of stdint.h */
L 5 "..\Drivers\BSP\OLED\OLED_Data.h" 2
N
N/*中文字符字节宽度*/
N#define OLED_CHN_CHAR_WIDTH			2		//UTF-8编码格式给3，GB2312编码格式给2
N
N/*字模基本单元*/
Ntypedef struct 
N{
N	char Index[OLED_CHN_CHAR_WIDTH + 1];	//汉字索引
X	char Index[2 + 1];	
N	uint8_t Data[32];						//字模数据
N} ChineseCell_t;
N
N/*ASCII字模数据声明*/
Nextern const uint8_t OLED_F8x16[][16];
Nextern const uint8_t OLED_F6x8[][6];
N
N/*汉字字模数据声明*/
Nextern const ChineseCell_t OLED_CF16x16[];
N
N/*图像数据声明*/
Nextern const uint8_t Diode[];
N/*按照上面的格式，在这个位置加入新的图像数据声明*/
N//...
N
N#endif
N
N
N/*****************江协科技|版权所有****************/
N/*****************jiangxiekeji.com*****************/
L 2 "..\Drivers\BSP\OLED\OLED_Data.c" 2
N
N/**
N  * 数据存储格式：
N  * 纵向8点，高位在下，先从左到右，再从上到下
N  * 每一个Bit对应一个像素点
N  * 
N  *      B0 B0                  B0 B0
N  *      B1 B1                  B1 B1
N  *      B2 B2                  B2 B2
N  *      B3 B3  ------------->  B3 B3 --
N  *      B4 B4                  B4 B4  |
N  *      B5 B5                  B5 B5  |
N  *      B6 B6                  B6 B6  |
N  *      B7 B7                  B7 B7  |
N  *                                    |
N  *  -----------------------------------
N  *  |   
N  *  |   B0 B0                  B0 B0
N  *  |   B1 B1                  B1 B1
N  *  |   B2 B2                  B2 B2
N  *  --> B3 B3  ------------->  B3 B3
N  *      B4 B4                  B4 B4
N  *      B5 B5                  B5 B5
N  *      B6 B6                  B6 B6
N  *      B7 B7                  B7 B7
N  * 
N  */
N
N/*ASCII字模数据*********************/
N
N
N/*宽8像素，高16像素*/
Nconst uint8_t OLED_F8x16[][16] =
N{
N	0x00,0x00,0x00,0x00,0x00,0x00,0x00,0x00,
N	0x00,0x00,0x00,0x00,0x00,0x00,0x00,0x00,//   0
N	0x00,0x00,0x00,0xF8,0x00,0x00,0x00,0x00,
N	0x00,0x00,0x00,0x33,0x30,0x00,0x00,0x00,// ! 1
N	0x00,0x16,0x0E,0x00,0x16,0x0E,0x00,0x00,
N	0x00,0x00,0x00,0x00,0x00,0x00,0x00,0x00,// " 2
N	0x40,0xC0,0x78,0x40,0xC0,0x78,0x40,0x00,
N	0x04,0x3F,0x04,0x04,0x3F,0x04,0x04,0x00,// # 3
N	0x00,0x70,0x88,0xFC,0x08,0x30,0x00,0x00,
N	0x00,0x18,0x20,0xFF,0x21,0x1E,0x00,0x00,// $ 4
N	0xF0,0x08,0xF0,0x00,0xE0,0x18,0x00,0x00,
N	0x00,0x21,0x1C,0x03,0x1E,0x21,0x1E,0x00,// % 5
N	0x00,0xF0,0x08,0x88,0x70,0x00,0x00,0x00,
N	0x1E,0x21,0x23,0x24,0x19,0x27,0x21,0x10,// & 6
N	0x00,0x00,0x00,0x16,0x0E,0x00,0x00,0x00,
N	0x00,0x00,0x00,0x00,0x00,0x00,0x00,0x00,// ' 7
N	0x00,0x00,0x00,0xE0,0x18,0x04,0x02,0x00,
N	0x00,0x00,0x00,0x07,0x18,0x20,0x40,0x00,// ( 8
N	0x00,0x02,0x04,0x18,0xE0,0x00,0x00,0x00,
N	0x00,0x40,0x20,0x18,0x07,0x00,0x00,0x00,// ) 9
N	0x40,0x40,0x80,0xF0,0x80,0x40,0x40,0x00,
N	0x02,0x02,0x01,0x0F,0x01,0x02,0x02,0x00,// * 10
N	0x00,0x00,0x00,0xF0,0x00,0x00,0x00,0x00,
N	0x01,0x01,0x01,0x1F,0x01,0x01,0x01,0x00,// + 11
N	0x00,0x00,0x00,0x00,0x00,0x00,0x00,0x00,
N	0x00,0xB0,0x70,0x00,0x00,0x00,0x00,0x00,// , 12
N	0x00,0x00,0x00,0x00,0x00,0x00,0x00,0x00,
N	0x00,0x01,0x01,0x01,0x01,0x01,0x01,0x01,// - 13
N	0x00,0x00,0x00,0x00,0x00,0x00,0x00,0x00,
N	0x00,0x30,0x30,0x00,0x00,0x00,0x00,0x00,// . 14
N	0x00,0x00,0x00,0x00,0x80,0x60,0x18,0x04,
N	0x00,0x60,0x18,0x06,0x01,0x00,0x00,0x00,// / 15
N	0x00,0xE0,0x10,0x08,0x08,0x10,0xE0,0x00,
N	0x00,0x0F,0x10,0x20,0x20,0x10,0x0F,0x00,// 0 16
N	0x00,0x10,0x10,0xF8,0x00,0x00,0x00,0x00,
N	0x00,0x20,0x20,0x3F,0x20,0x20,0x00,0x00,// 1 17
N	0x00,0x70,0x08,0x08,0x08,0x88,0x70,0x00,
N	0x00,0x30,0x28,0x24,0x22,0x21,0x30,0x00,// 2 18
N	0x00,0x30,0x08,0x88,0x88,0x48,0x30,0x00,
N	0x00,0x18,0x20,0x20,0x20,0x11,0x0E,0x00,// 3 19
N	0x00,0x00,0xC0,0x20,0x10,0xF8,0x00,0x00,
N	0x00,0x07,0x04,0x24,0x24,0x3F,0x24,0x00,// 4 20
N	0x00,0xF8,0x08,0x88,0x88,0x08,0x08,0x00,
N	0x00,0x19,0x21,0x20,0x20,0x11,0x0E,0x00,// 5 21
N	0x00,0xE0,0x10,0x88,0x88,0x18,0x00,0x00,
N	0x00,0x0F,0x11,0x20,0x20,0x11,0x0E,0x00,// 6 22
N	0x00,0x38,0x08,0x08,0xC8,0x38,0x08,0x00,
N	0x00,0x00,0x00,0x3F,0x00,0x00,0x00,0x00,// 7 23
N	0x00,0x70,0x88,0x08,0x08,0x88,0x70,0x00,
N	0x00,0x1C,0x22,0x21,0x21,0x22,0x1C,0x00,// 8 24
N	0x00,0xE0,0x10,0x08,0x08,0x10,0xE0,0x00,
N	0x00,0x00,0x31,0x22,0x22,0x11,0x0F,0x00,// 9 25
N	0x00,0x00,0x00,0xC0,0xC0,0x00,0x00,0x00,
N	0x00,0x00,0x00,0x30,0x30,0x00,0x00,0x00,// : 26
N	0x00,0x00,0x00,0xC0,0xC0,0x00,0x00,0x00,
N	0x00,0x00,0x80,0xB0,0x70,0x00,0x00,0x00,// ; 27
N	0x00,0x00,0x80,0x40,0x20,0x10,0x08,0x00,
N	0x00,0x01,0x02,0x04,0x08,0x10,0x20,0x00,// < 28
N	0x40,0x40,0x40,0x40,0x40,0x40,0x40,0x00,
N	0x04,0x04,0x04,0x04,0x04,0x04,0x04,0x00,// = 29
N	0x00,0x08,0x10,0x20,0x40,0x80,0x00,0x00,
N	0x00,0x20,0x10,0x08,0x04,0x02,0x01,0x00,// > 30
N	0x00,0x70,0x48,0x08,0x08,0x08,0xF0,0x00,
N	0x00,0x00,0x00,0x30,0x36,0x01,0x00,0x00,// ? 31
N	0xC0,0x30,0xC8,0x28,0xE8,0x10,0xE0,0x00,
N	0x07,0x18,0x27,0x24,0x23,0x14,0x0B,0x00,// @ 32
N	0x00,0x00,0xC0,0x38,0xE0,0x00,0x00,0x00,
N	0x20,0x3C,0x23,0x02,0x02,0x27,0x38,0x20,// A 33
N	0x08,0xF8,0x88,0x88,0x88,0x70,0x00,0x00,
N	0x20,0x3F,0x20,0x20,0x20,0x11,0x0E,0x00,// B 34
N	0xC0,0x30,0x08,0x08,0x08,0x08,0x38,0x00,
N	0x07,0x18,0x20,0x20,0x20,0x10,0x08,0x00,// C 35
N	0x08,0xF8,0x08,0x08,0x08,0x10,0xE0,0x00,
N	0x20,0x3F,0x20,0x20,0x20,0x10,0x0F,0x00,// D 36
N	0x08,0xF8,0x88,0x88,0xE8,0x08,0x10,0x00,
N	0x20,0x3F,0x20,0x20,0x23,0x20,0x18,0x00,// E 37
N	0x08,0xF8,0x88,0x88,0xE8,0x08,0x10,0x00,
N	0x20,0x3F,0x20,0x00,0x03,0x00,0x00,0x00,// F 38
N	0xC0,0x30,0x08,0x08,0x08,0x38,0x00,0x00,
N	0x07,0x18,0x20,0x20,0x22,0x1E,0x02,0x00,// G 39
N	0x08,0xF8,0x08,0x00,0x00,0x08,0xF8,0x08,
N	0x20,0x3F,0x21,0x01,0x01,0x21,0x3F,0x20,// H 40
N	0x00,0x08,0x08,0xF8,0x08,0x08,0x00,0x00,
N	0x00,0x20,0x20,0x3F,0x20,0x20,0x00,0x00,// I 41
N	0x00,0x00,0x08,0x08,0xF8,0x08,0x08,0x00,
N	0xC0,0x80,0x80,0x80,0x7F,0x00,0x00,0x00,// J 42
N	0x08,0xF8,0x88,0xC0,0x28,0x18,0x08,0x00,
N	0x20,0x3F,0x20,0x01,0x26,0x38,0x20,0x00,// K 43
N	0x08,0xF8,0x08,0x00,0x00,0x00,0x00,0x00,
N	0x20,0x3F,0x20,0x20,0x20,0x20,0x30,0x00,// L 44
N	0x08,0xF8,0xF8,0x00,0xF8,0xF8,0x08,0x00,
N	0x20,0x3F,0x00,0x3F,0x00,0x3F,0x20,0x00,// M 45
N	0x08,0xF8,0x30,0xC0,0x00,0x08,0xF8,0x08,
N	0x20,0x3F,0x20,0x00,0x07,0x18,0x3F,0x00,// N 46
N	0xE0,0x10,0x08,0x08,0x08,0x10,0xE0,0x00,
N	0x0F,0x10,0x20,0x20,0x20,0x10,0x0F,0x00,// O 47
N	0x08,0xF8,0x08,0x08,0x08,0x08,0xF0,0x00,
N	0x20,0x3F,0x21,0x01,0x01,0x01,0x00,0x00,// P 48
N	0xE0,0x10,0x08,0x08,0x08,0x10,0xE0,0x00,
N	0x0F,0x18,0x24,0x24,0x38,0x50,0x4F,0x00,// Q 49
N	0x08,0xF8,0x88,0x88,0x88,0x88,0x70,0x00,
N	0x20,0x3F,0x20,0x00,0x03,0x0C,0x30,0x20,// R 50
N	0x00,0x70,0x88,0x08,0x08,0x08,0x38,0x00,
N	0x00,0x38,0x20,0x21,0x21,0x22,0x1C,0x00,// S 51
N	0x18,0x08,0x08,0xF8,0x08,0x08,0x18,0x00,
N	0x00,0x00,0x20,0x3F,0x20,0x00,0x00,0x00,// T 52
N	0x08,0xF8,0x08,0x00,0x00,0x08,0xF8,0x08,
N	0x00,0x1F,0x20,0x20,0x20,0x20,0x1F,0x00,// U 53
N	0x08,0x78,0x88,0x00,0x00,0xC8,0x38,0x08,
N	0x00,0x00,0x07,0x38,0x0E,0x01,0x00,0x00,// V 54
N	0xF8,0x08,0x00,0xF8,0x00,0x08,0xF8,0x00,
N	0x03,0x3C,0x07,0x00,0x07,0x3C,0x03,0x00,// W 55
N	0x08,0x18,0x68,0x80,0x80,0x68,0x18,0x08,
N	0x20,0x30,0x2C,0x03,0x03,0x2C,0x30,0x20,// X 56
N	0x08,0x38,0xC8,0x00,0xC8,0x38,0x08,0x00,
N	0x00,0x00,0x20,0x3F,0x20,0x00,0x00,0x00,// Y 57
N	0x10,0x08,0x08,0x08,0xC8,0x38,0x08,0x00,
N	0x20,0x38,0x26,0x21,0x20,0x20,0x18,0x00,// Z 58
N	0x00,0x00,0x00,0xFE,0x02,0x02,0x02,0x00,
N	0x00,0x00,0x00,0x7F,0x40,0x40,0x40,0x00,// [ 59
N	0x00,0x0C,0x30,0xC0,0x00,0x00,0x00,0x00,
N	0x00,0x00,0x00,0x01,0x06,0x38,0xC0,0x00,// \ 60
N	0x00,0x02,0x02,0x02,0xFE,0x00,0x00,0x00,
N	0x00,0x40,0x40,0x40,0x7F,0x00,0x00,0x00,// ] 61
N	0x00,0x20,0x10,0x08,0x04,0x08,0x10,0x20,
N	0x00,0x00,0x00,0x00,0x00,0x00,0x00,0x00,// ^ 62
N	0x00,0x00,0x00,0x00,0x00,0x00,0x00,0x00,
N	0x80,0x80,0x80,0x80,0x80,0x80,0x80,0x80,// _ 63
N	0x00,0x02,0x04,0x08,0x00,0x00,0x00,0x00,
N	0x00,0x00,0x00,0x00,0x00,0x00,0x00,0x00,// ` 64
N	0x00,0x00,0x80,0x80,0x80,0x80,0x00,0x00,
N	0x00,0x19,0x24,0x22,0x22,0x22,0x3F,0x20,// a 65
N	0x08,0xF8,0x00,0x80,0x80,0x00,0x00,0x00,
N	0x00,0x3F,0x11,0x20,0x20,0x11,0x0E,0x00,// b 66
N	0x00,0x00,0x00,0x80,0x80,0x80,0x00,0x00,
N	0x00,0x0E,0x11,0x20,0x20,0x20,0x11,0x00,// c 67
N	0x00,0x00,0x00,0x80,0x80,0x88,0xF8,0x00,
N	0x00,0x0E,0x11,0x20,0x20,0x10,0x3F,0x20,// d 68
N	0x00,0x00,0x80,0x80,0x80,0x80,0x00,0x00,
N	0x00,0x1F,0x22,0x22,0x22,0x22,0x13,0x00,// e 69
N	0x00,0x80,0x80,0xF0,0x88,0x88,0x88,0x18,
N	0x00,0x20,0x20,0x3F,0x20,0x20,0x00,0x00,// f 70
N	0x00,0x00,0x80,0x80,0x80,0x80,0x80,0x00,
N	0x00,0x6B,0x94,0x94,0x94,0x93,0x60,0x00,// g 71
N	0x08,0xF8,0x00,0x80,0x80,0x80,0x00,0x00,
N	0x20,0x3F,0x21,0x00,0x00,0x20,0x3F,0x20,// h 72
N	0x00,0x80,0x98,0x98,0x00,0x00,0x00,0x00,
N	0x00,0x20,0x20,0x3F,0x20,0x20,0x00,0x00,// i 73
N	0x00,0x00,0x00,0x80,0x98,0x98,0x00,0x00,
N	0x00,0xC0,0x80,0x80,0x80,0x7F,0x00,0x00,// j 74
N	0x08,0xF8,0x00,0x00,0x80,0x80,0x80,0x00,
N	0x20,0x3F,0x24,0x02,0x2D,0x30,0x20,0x00,// k 75
N	0x00,0x08,0x08,0xF8,0x00,0x00,0x00,0x00,
N	0x00,0x20,0x20,0x3F,0x20,0x20,0x00,0x00,// l 76
N	0x80,0x80,0x80,0x80,0x80,0x80,0x80,0x00,
N	0x20,0x3F,0x20,0x00,0x3F,0x20,0x00,0x3F,// m 77
N	0x00,0x80,0x80,0x00,0x80,0x80,0x00,0x00,
N	0x00,0x20,0x3F,0x21,0x00,0x20,0x3F,0x20,// n 78
N	0x00,0x00,0x80,0x80,0x80,0x80,0x00,0x00,
N	0x00,0x1F,0x20,0x20,0x20,0x20,0x1F,0x00,// o 79
N	0x80,0x80,0x00,0x80,0x80,0x00,0x00,0x00,
N	0x80,0xFF,0xA1,0x20,0x20,0x11,0x0E,0x00,// p 80
N	0x00,0x00,0x00,0x80,0x80,0x80,0x80,0x00,
N	0x00,0x0E,0x11,0x20,0x20,0xA0,0xFF,0x80,// q 81
N	0x80,0x80,0x80,0x00,0x80,0x80,0x80,0x00,
N	0x20,0x20,0x3F,0x21,0x20,0x00,0x01,0x00,// r 82
N	0x00,0x00,0x80,0x80,0x80,0x80,0x80,0x00,
N	0x00,0x33,0x24,0x24,0x24,0x24,0x19,0x00,// s 83
N	0x00,0x80,0x80,0xE0,0x80,0x80,0x00,0x00,
N	0x00,0x00,0x00,0x1F,0x20,0x20,0x00,0x00,// t 84
N	0x80,0x80,0x00,0x00,0x00,0x80,0x80,0x00,
N	0x00,0x1F,0x20,0x20,0x20,0x10,0x3F,0x20,// u 85
N	0x80,0x80,0x80,0x00,0x00,0x80,0x80,0x80,
N	0x00,0x01,0x0E,0x30,0x08,0x06,0x01,0x00,// v 86
N	0x80,0x80,0x00,0x80,0x00,0x80,0x80,0x80,
N	0x0F,0x30,0x0C,0x03,0x0C,0x30,0x0F,0x00,// w 87
N	0x00,0x80,0x80,0x00,0x80,0x80,0x80,0x00,
N	0x00,0x20,0x31,0x2E,0x0E,0x31,0x20,0x00,// x 88
N	0x80,0x80,0x80,0x00,0x00,0x80,0x80,0x80,
N	0x80,0x81,0x8E,0x70,0x18,0x06,0x01,0x00,// y 89
N	0x00,0x80,0x80,0x80,0x80,0x80,0x80,0x00,
N	0x00,0x21,0x30,0x2C,0x22,0x21,0x30,0x00,// z 90
N	0x00,0x00,0x00,0x00,0x80,0x7C,0x02,0x02,
N	0x00,0x00,0x00,0x00,0x00,0x3F,0x40,0x40,// { 91
N	0x00,0x00,0x00,0x00,0xFF,0x00,0x00,0x00,
N	0x00,0x00,0x00,0x00,0xFF,0x00,0x00,0x00,// | 92
N	0x00,0x02,0x02,0x7C,0x80,0x00,0x00,0x00,
N	0x00,0x40,0x40,0x3F,0x00,0x00,0x00,0x00,// } 93
N	0x00,0x80,0x40,0x40,0x80,0x00,0x00,0x80,
N	0x00,0x00,0x00,0x00,0x00,0x01,0x01,0x00,// ~ 94
N};
N
N/*宽6像素，高8像素*/
Nconst uint8_t OLED_F6x8[][6] = 
N{
N	0x00,0x00,0x00,0x00,0x00,0x00,//   0
N	0x00,0x00,0x00,0x2F,0x00,0x00,// ! 1
N	0x00,0x00,0x07,0x00,0x07,0x00,// " 2
N	0x00,0x14,0x7F,0x14,0x7F,0x14,// # 3
N	0x00,0x24,0x2A,0x7F,0x2A,0x12,// $ 4
N	0x00,0x23,0x13,0x08,0x64,0x62,// % 5
N	0x00,0x36,0x49,0x55,0x22,0x50,// & 6
N	0x00,0x00,0x00,0x07,0x00,0x00,// ' 7
N	0x00,0x00,0x1C,0x22,0x41,0x00,// ( 8
N	0x00,0x00,0x41,0x22,0x1C,0x00,// ) 9
N	0x00,0x14,0x08,0x3E,0x08,0x14,// * 10
N	0x00,0x08,0x08,0x3E,0x08,0x08,// + 11
N	0x00,0x00,0x00,0xA0,0x60,0x00,// , 12
N	0x00,0x08,0x08,0x08,0x08,0x08,// - 13
N	0x00,0x00,0x60,0x60,0x00,0x00,// . 14
N	0x00,0x20,0x10,0x08,0x04,0x02,// / 15
N	0x00,0x3E,0x51,0x49,0x45,0x3E,// 0 16
N	0x00,0x00,0x42,0x7F,0x40,0x00,// 1 17
N	0x00,0x42,0x61,0x51,0x49,0x46,// 2 18
N	0x00,0x21,0x41,0x45,0x4B,0x31,// 3 19
N	0x00,0x18,0x14,0x12,0x7F,0x10,// 4 20
N	0x00,0x27,0x45,0x45,0x45,0x39,// 5 21
N	0x00,0x3C,0x4A,0x49,0x49,0x30,// 6 22
N	0x00,0x01,0x71,0x09,0x05,0x03,// 7 23
N	0x00,0x36,0x49,0x49,0x49,0x36,// 8 24
N	0x00,0x06,0x49,0x49,0x29,0x1E,// 9 25
N	0x00,0x00,0x36,0x36,0x00,0x00,// : 26
N	0x00,0x00,0x56,0x36,0x00,0x00,// ; 27
N	0x00,0x08,0x14,0x22,0x41,0x00,// < 28
N	0x00,0x14,0x14,0x14,0x14,0x14,// = 29
N	0x00,0x00,0x41,0x22,0x14,0x08,// > 30
N	0x00,0x02,0x01,0x51,0x09,0x06,// ? 31
N	0x00,0x3E,0x49,0x55,0x59,0x2E,// @ 32
N	0x00,0x7C,0x12,0x11,0x12,0x7C,// A 33
N	0x00,0x7F,0x49,0x49,0x49,0x36,// B 34
N	0x00,0x3E,0x41,0x41,0x41,0x22,// C 35
N	0x00,0x7F,0x41,0x41,0x22,0x1C,// D 36
N	0x00,0x7F,0x49,0x49,0x49,0x41,// E 37
N	0x00,0x7F,0x09,0x09,0x09,0x01,// F 38
N	0x00,0x3E,0x41,0x49,0x49,0x7A,// G 39
N	0x00,0x7F,0x08,0x08,0x08,0x7F,// H 40
N	0x00,0x00,0x41,0x7F,0x41,0x00,// I 41
N	0x00,0x20,0x40,0x41,0x3F,0x01,// J 42
N	0x00,0x7F,0x08,0x14,0x22,0x41,// K 43
N	0x00,0x7F,0x40,0x40,0x40,0x40,// L 44
N	0x00,0x7F,0x02,0x0C,0x02,0x7F,// M 45
N	0x00,0x7F,0x04,0x08,0x10,0x7F,// N 46
N	0x00,0x3E,0x41,0x41,0x41,0x3E,// O 47
N	0x00,0x7F,0x09,0x09,0x09,0x06,// P 48
N	0x00,0x3E,0x41,0x51,0x21,0x5E,// Q 49
N	0x00,0x7F,0x09,0x19,0x29,0x46,// R 50
N	0x00,0x46,0x49,0x49,0x49,0x31,// S 51
N	0x00,0x01,0x01,0x7F,0x01,0x01,// T 52
N	0x00,0x3F,0x40,0x40,0x40,0x3F,// U 53
N	0x00,0x1F,0x20,0x40,0x20,0x1F,// V 54
N	0x00,0x3F,0x40,0x38,0x40,0x3F,// W 55
N	0x00,0x63,0x14,0x08,0x14,0x63,// X 56
N	0x00,0x07,0x08,0x70,0x08,0x07,// Y 57
N	0x00,0x61,0x51,0x49,0x45,0x43,// Z 58
N	0x00,0x00,0x7F,0x41,0x41,0x00,// [ 59
N	0x00,0x02,0x04,0x08,0x10,0x20,// \ 60
N	0x00,0x00,0x41,0x41,0x7F,0x00,// ] 61
N	0x00,0x04,0x02,0x01,0x02,0x04,// ^ 62
N	0x00,0x40,0x40,0x40,0x40,0x40,// _ 63
N	0x00,0x00,0x01,0x02,0x04,0x00,// ` 64
N	0x00,0x20,0x54,0x54,0x54,0x78,// a 65
N	0x00,0x7F,0x48,0x44,0x44,0x38,// b 66
N	0x00,0x38,0x44,0x44,0x44,0x20,// c 67
N	0x00,0x38,0x44,0x44,0x48,0x7F,// d 68
N	0x00,0x38,0x54,0x54,0x54,0x18,// e 69
N	0x00,0x08,0x7E,0x09,0x01,0x02,// f 70
N	0x00,0x18,0xA4,0xA4,0xA4,0x7C,// g 71
N	0x00,0x7F,0x08,0x04,0x04,0x78,// h 72
N	0x00,0x00,0x44,0x7D,0x40,0x00,// i 73
N	0x00,0x40,0x80,0x84,0x7D,0x00,// j 74
N	0x00,0x7F,0x10,0x28,0x44,0x00,// k 75
N	0x00,0x00,0x41,0x7F,0x40,0x00,// l 76
N	0x00,0x7C,0x04,0x18,0x04,0x78,// m 77
N	0x00,0x7C,0x08,0x04,0x04,0x78,// n 78
N	0x00,0x38,0x44,0x44,0x44,0x38,// o 79
N	0x00,0xFC,0x24,0x24,0x24,0x18,// p 80
N	0x00,0x18,0x24,0x24,0x18,0xFC,// q 81
N	0x00,0x7C,0x08,0x04,0x04,0x08,// r 82
N	0x00,0x48,0x54,0x54,0x54,0x20,// s 83
N	0x00,0x04,0x3F,0x44,0x40,0x20,// t 84
N	0x00,0x3C,0x40,0x40,0x20,0x7C,// u 85
N	0x00,0x1C,0x20,0x40,0x20,0x1C,// v 86
N	0x00,0x3C,0x40,0x30,0x40,0x3C,// w 87
N	0x00,0x44,0x28,0x10,0x28,0x44,// x 88
N	0x00,0x1C,0xA0,0xA0,0xA0,0x7C,// y 89
N	0x00,0x44,0x64,0x54,0x4C,0x44,// z 90
N	0x00,0x00,0x08,0x7F,0x41,0x00,// { 91
N	0x00,0x00,0x00,0x7F,0x00,0x00,// | 92
N	0x00,0x00,0x41,0x7F,0x08,0x00,// } 93
N	0x00,0x08,0x04,0x08,0x10,0x08,// ~ 94
N};
N/*********************ASCII字模数据*/
N
N
N/*汉字字模数据*********************/
N
N/*相同的汉字只需要定义一次，汉字不分先后顺序*/
N/*必须全部为汉字或者全角字符，不要加入任何半角字符*/
N
N/*宽16像素，高16像素*/
Nconst ChineseCell_t OLED_CF16x16[] = {
N	
N	"，",
N	0x00,0x00,0x00,0x00,0x00,0x00,0x00,0x00,0x00,0x00,0x00,0x00,0x00,0x00,0x00,0x00,
N	0x00,0x00,0x58,0x38,0x00,0x00,0x00,0x00,0x00,0x00,0x00,0x00,0x00,0x00,0x00,0x00,
N	
N	"。",
N	0x00,0x00,0x00,0x00,0x00,0x00,0x00,0x00,0x00,0x00,0x00,0x00,0x00,0x00,0x00,0x00,
N	0x00,0x00,0x18,0x24,0x24,0x18,0x00,0x00,0x00,0x00,0x00,0x00,0x00,0x00,0x00,0x00,
N	
N	"你",
N	0x00,0x80,0x60,0xF8,0x07,0x40,0x20,0x18,0x0F,0x08,0xC8,0x08,0x08,0x28,0x18,0x00,
N	0x01,0x00,0x00,0xFF,0x00,0x10,0x0C,0x03,0x40,0x80,0x7F,0x00,0x01,0x06,0x18,0x00,
N	
N	"好",
N	0x10,0x10,0xF0,0x1F,0x10,0xF0,0x00,0x80,0x82,0x82,0xE2,0x92,0x8A,0x86,0x80,0x00,
N	0x40,0x22,0x15,0x08,0x16,0x61,0x00,0x00,0x40,0x80,0x7F,0x00,0x00,0x00,0x00,0x00,
N	
N	"世",
N	0x20,0x20,0x20,0xFE,0x20,0x20,0xFF,0x20,0x20,0x20,0xFF,0x20,0x20,0x20,0x20,0x00,
N	0x00,0x00,0x00,0x7F,0x40,0x40,0x47,0x44,0x44,0x44,0x47,0x40,0x40,0x40,0x00,0x00,
N	
N	"界",
N	0x00,0x00,0x00,0xFE,0x92,0x92,0x92,0xFE,0x92,0x92,0x92,0xFE,0x00,0x00,0x00,0x00,
N	0x08,0x08,0x04,0x84,0x62,0x1E,0x01,0x00,0x01,0xFE,0x02,0x04,0x04,0x08,0x08,0x00,
N	
N	/*按照上面的格式，在这个位置加入新的汉字数据*/
N	//...
N	
N	
N	/*未找到指定汉字时显示的默认图形（一个方框，内部一个问号），请确保其位于数组最末尾*/
N	"",		
N	0xFF,0x01,0x01,0x01,0x31,0x09,0x09,0x09,0x09,0x89,0x71,0x01,0x01,0x01,0x01,0xFF,
N	0xFF,0x80,0x80,0x80,0x80,0x80,0x80,0x96,0x81,0x80,0x80,0x80,0x80,0x80,0x80,0xFF,
N
N};
N
N/*********************汉字字模数据*/
N
N
N/*图像数据*********************/
N
N/*测试图像（一个方框，内部一个二极管符号），宽16像素，高16像素*/
Nconst uint8_t Diode[] = {
N	0xFF,0x01,0x81,0x81,0x81,0xFD,0x89,0x91,0xA1,0xC1,0xFD,0x81,0x81,0x81,0x01,0xFF,
N	0xFF,0x80,0x80,0x80,0x80,0x9F,0x88,0x84,0x82,0x81,0x9F,0x80,0x80,0x80,0x80,0xFF,
N};
N
N/*按照上面的格式，在这个位置加入新的图像数据*/
N//...
N
N/*********************图像数据*/
N
N
N/*****************江协科技|版权所有****************/
N/*****************jiangxiekeji.com*****************/
