*** Using Compiler 'V5.06 update 7 (build 960)', folder: 'D:\AppData\keil_v5\ARM\ARMCC\Bin'
Build target 'Target 1'
assembling startup_stm32f10x_hd.s...
compiling misc.c...
compiling stm32f10x_bkp.c...
compiling stm32f10x_cec.c...
compiling stm32f10x_adc.c...
compiling stm32f10x_can.c...
compiling stm32f10x_dac.c...
compiling stm32f10x_crc.c...
compiling stm32f10x_dbgmcu.c...
compiling stm32f10x_exti.c...
compiling stm32f10x_dma.c...
compiling stm32f10x_i2c.c...
compiling stm32f10x_gpio.c...
compiling stm32f10x_flash.c...
compiling stm32f10x_fsmc.c...
compiling stm32f10x_iwdg.c...
compiling stm32f10x_pwr.c...
compiling stm32f10x_rtc.c...
compiling stm32f10x_sdio.c...
compiling stm32f10x_rcc.c...
compiling stm32f10x_spi.c...
compiling stm32f10x_tim.c...
compiling OLED_Data.c...
compiling stm32f10x_usart.c...
compiling stm32f10x_wwdg.c...
compiling bsp_tim.c...
compiling bsp_led.c...
compiling bsp_systick.c...
compiling OLED.c...
compiling bsp_sys.c...
compiling bsp_usart.c...
..\..\è¾“å‡ºæ¯”è¾ƒ\Drivers\BSP\USART\bsp_usart.c(3): warning:  #177-D: function "NVIC_Config"  was declared but never referenced
  static void NVIC_Config(void)
..\..\Êä³ö±È½Ï\Drivers\BSP\USART\bsp_usart.c: 1 warning, 0 errors
compiling bsp_pwm.c...
compiling bsp_ic.c...
compiling main.c...
compiling stm32f10x_it.c...
compiling system_stm32f10x.c...
linking...
Program Size: Code=7896 RO-data=2704 RW-data=24 ZI-data=2048  
FromELF: creating hex file...
"..\Output\pro.axf" - 0 Error(s), 1 Warning(s).
Build Time Elapsed:  00:00:06
