*** Using Compiler 'V5.06 update 7 (build 960)', folder: 'D:\AppData\keil_v5\ARM\ARMCC\Bin'
Build target 'Target 1'
compiling stm32f10x_bkp.c...
compiling stm32f10x_dac.c...
compiling misc.c...
compiling stm32f10x_crc.c...
compiling stm32f10x_cec.c...
compiling stm32f10x_adc.c...
compiling stm32f10x_can.c...
compiling stm32f10x_dbgmcu.c...
compiling stm32f10x_exti.c...
compiling stm32f10x_i2c.c...
compiling stm32f10x_gpio.c...
compiling stm32f10x_flash.c...
compiling stm32f10x_fsmc.c...
compiling stm32f10x_dma.c...
compiling stm32f10x_iwdg.c...
compiling stm32f10x_pwr.c...
compiling stm32f10x_rcc.c...
compiling stm32f10x_rtc.c...
compiling stm32f10x_spi.c...
compiling stm32f10x_sdio.c...
compiling stm32f10x_tim.c...
compiling stm32f10x_usart.c...
compiling core_cm3.c...
compiling stm32f10x_wwdg.c...
compiling system_stm32f10x.c...
compiling bsp_sys.c...
compiling bsp_systick.c...
compiling bsp_usart.c...
compiling bsp_led.c...
compiling bsp_exti.c...
compiling bsp_key.c...
compiling main.c...
compiling stm32f10x_it.c...
compiling croutine.c...
compiling freertos_demo.c...
compiling list.c...
compiling event_groups.c...
compiling queue.c...
compiling stream_buffer.c...
compiling heap_4.c...
compiling timers.c...
compiling tasks.c...
compiling port.c...
linking...
Program Size: Code=12012 RO-data=336 RW-data=188 ZI-data=12108  
FromELF: creating hex file...
"..\Output\pro.axf" - 0 Error(s), 0 Warning(s).
Build Time Elapsed:  00:00:08
